c:\work\comexamples\debug\calculatorserver.lib
c:\work\comexamples\debug\calculatorserver.exp
c:\work\comexamples\calculatorserver\debug\calculatorserver.pch
c:\work\comexamples\calculatorserver\debug\vc141.pdb
c:\work\comexamples\calculatorserver\debug\vc141.idb
c:\work\comexamples\calculatorserver\debug\stdafx.obj
c:\work\comexamples\calculatorserver\debug\calculatorserver.obj
c:\work\comexamples\calculatorserver\debug\calculator.obj
c:\work\comexamples\calculatorserver\debug\calculatorserver_i.obj
c:\work\comexamples\calculatorserver\debug\dllmain.obj
c:\work\comexamples\debug\calculatorserver.ilk
c:\work\comexamples\debug\calculatorserver.dll
c:\work\comexamples\debug\calculatorserver.pdb
c:\work\comexamples\calculatorserver\debug\calculatorserver.tlb
c:\work\comexamples\calculatorserver\calculatorserver_p.c
c:\work\comexamples\calculatorserver\calculatorserver_i.c
c:\work\comexamples\calculatorserver\calculatorserver_i.h
c:\work\comexamples\calculatorserver\debug\calculatorserver.res
c:\work\comexamples\calculatorserver\debug\calculatorserver.tlog\calculatorserver.write.1u.tlog
c:\work\comexamples\calculatorserver\debug\calculatorserver.tlog\cl.command.1.tlog
c:\work\comexamples\calculatorserver\debug\calculatorserver.tlog\cl.read.1.tlog
c:\work\comexamples\calculatorserver\debug\calculatorserver.tlog\cl.write.1.tlog
c:\work\comexamples\calculatorserver\debug\calculatorserver.tlog\link.command.1.tlog
c:\work\comexamples\calculatorserver\debug\calculatorserver.tlog\link.read.1.tlog
c:\work\comexamples\calculatorserver\debug\calculatorserver.tlog\link.write.1.tlog
c:\work\comexamples\calculatorserver\debug\calculatorserver.tlog\midl.command.1.tlog
c:\work\comexamples\calculatorserver\debug\calculatorserver.tlog\midl.read.1.tlog
c:\work\comexamples\calculatorserver\debug\calculatorserver.tlog\midl.write.1.tlog
c:\work\comexamples\calculatorserver\debug\calculatorserver.tlog\rc.command.1.tlog
c:\work\comexamples\calculatorserver\debug\calculatorserver.tlog\rc.read.1.tlog
c:\work\comexamples\calculatorserver\debug\calculatorserver.tlog\rc.write.1.tlog
